# JRE version: OpenJDK Runtime Environment (11.0.10) (build 11.0.10+0-b96-7249189)
# Java VM: OpenJDK 64-Bit Server VM (11.0.10+0-b96-7249189, mixed mode, tiered, compressed oops, g1 gc, windows-amd64)
Heap:
 garbage-first heap   total 131072K, used 98278K [0x00000000a0000000, 0x0000000100000000)
  region size 1024K, 24 young (24576K), 5 survivors (5120K)
 Metaspace       used 70865K, capacity 73843K, committed 73892K, reserved 1114112K
  class space    used 9222K, capacity 10159K, committed 10188K, reserved 1048576K
GC Heap History (20 events):
Event: 8.722 GC heap before
{Heap before GC invocations=9 (full 0):
 garbage-first heap   total 131072K, used 87097K [0x00000000a0000000, 0x0000000100000000)
  region size 1024K, 69 young (70656K), 8 survivors (8192K)
 Metaspace       used 44117K, capacity 45109K, committed 45312K, reserved 1089536K
  class space    used 5652K, capacity 6021K, committed 6144K, reserved 1048576K
}
Event: 8.733 GC heap after
{Heap after GC invocations=10 (full 0):
 garbage-first heap   total 131072K, used 28297K [0x00000000a0000000, 0x0000000100000000)
  region size 1024K, 7 young (7168K), 7 survivors (7168K)
 Metaspace       used 44117K, capacity 45109K, committed 45312K, reserved 1089536K
  class space    used 5652K, capacity 6021K, committed 6144K, reserved 1048576K
}
Event: 10.389 GC heap before
{Heap before GC invocations=10 (full 0):
 garbage-first heap   total 131072K, used 94857K [0x00000000a0000000, 0x0000000100000000)
  region size 1024K, 69 young (70656K), 7 survivors (7168K)
 Metaspace       used 51747K, capacity 52999K, committed 53120K, reserved 1095680K
  class space    used 6564K, capacity 6984K, committed 7040K, reserved 1048576K
}
Event: 10.399 GC heap after
{Heap after GC invocations=11 (full 0):
 garbage-first heap   total 131072K, used 38173K [0x00000000a0000000, 0x0000000100000000)
  region size 1024K, 9 young (9216K), 9 survivors (9216K)
 Metaspace       used 51747K, capacity 52999K, committed 53120K, reserved 1095680K
  class space    used 6564K, capacity 6984K, committed 7040K, reserved 1048576K
}
Event: 11.261 GC heap before
{Heap before GC invocations=11 (full 0):
 garbage-first heap   total 131072K, used 97565K [0x00000000a0000000, 0x0000000100000000)
  region size 1024K, 66 young (67584K), 9 survivors (9216K)
 Metaspace       used 57038K, capacity 58285K, committed 58496K, reserved 1099776K
  class space    used 7229K, capacity 7686K, committed 7808K, reserved 1048576K
}
Event: 11.270 GC heap after
{Heap after GC invocations=12 (full 0):
 garbage-first heap   total 131072K, used 42363K [0x00000000a0000000, 0x0000000100000000)
  region size 1024K, 4 young (4096K), 4 survivors (4096K)
 Metaspace       used 57038K, capacity 58285K, committed 58496K, reserved 1099776K
  class space    used 7229K, capacity 7686K, committed 7808K, reserved 1048576K
}
Event: 12.010 GC heap before
{Heap before GC invocations=12 (full 0):
 garbage-first heap   total 131072K, used 98683K [0x00000000a0000000, 0x0000000100000000)
  region size 1024K, 59 young (60416K), 4 survivors (4096K)
 Metaspace       used 60061K, capacity 61565K, committed 61696K, reserved 1103872K
  class space    used 7603K, capacity 8137K, committed 8192K, reserved 1048576K
}
Event: 12.017 GC heap after
{Heap after GC invocations=13 (full 0):
 garbage-first heap   total 131072K, used 46459K [0x00000000a0000000, 0x0000000100000000)
  region size 1024K, 8 young (8192K), 8 survivors (8192K)
 Metaspace       used 60061K, capacity 61565K, committed 61696K, reserved 1103872K
  class space    used 7603K, capacity 8137K, committed 8192K, reserved 1048576K
}
Event: 12.762 GC heap before
{Heap before GC invocations=13 (full 0):
 garbage-first heap   total 131072K, used 101755K [0x00000000a0000000, 0x0000000100000000)
  region size 1024K, 62 young (63488K), 8 survivors (8192K)
 Metaspace       used 63796K, capacity 65451K, committed 65664K, reserved 1105920K
  class space    used 8202K, capacity 8773K, committed 8832K, reserved 1048576K
}
Event: 12.771 GC heap after
{Heap after GC invocations=14 (full 0):
 garbage-first heap   total 131072K, used 50683K [0x00000000a0000000, 0x0000000100000000)
  region size 1024K, 5 young (5120K), 5 survivors (5120K)
 Metaspace       used 63796K, capacity 65451K, committed 65664K, reserved 1105920K
  class space    used 8202K, capacity 8773K, committed 8832K, reserved 1048576K
}
Event: 13.592 GC heap before
{Heap before GC invocations=14 (full 0):
 garbage-first heap   total 131072K, used 102907K [0x00000000a0000000, 0x0000000100000000)
  region size 1024K, 56 young (57344K), 5 survivors (5120K)
 Metaspace       used 66736K, capacity 68617K, committed 68736K, reserved 1107968K
  class space    used 8676K, capacity 9313K, committed 9344K, reserved 1048576K
}
Event: 13.599 GC heap after
{Heap after GC invocations=15 (full 0):
 garbage-first heap   total 131072K, used 55398K [0x00000000a0000000, 0x0000000100000000)
  region size 1024K, 5 young (5120K), 5 survivors (5120K)
 Metaspace       used 66736K, capacity 68617K, committed 68736K, reserved 1107968K
  class space    used 8676K, capacity 9313K, committed 9344K, reserved 1048576K
}
Event: 13.775 GC heap before
{Heap before GC invocations=15 (full 0):
 garbage-first heap   total 131072K, used 73830K [0x00000000a0000000, 0x0000000100000000)
  region size 1024K, 24 young (24576K), 5 survivors (5120K)
 Metaspace       used 67359K, capacity 69181K, committed 69336K, reserved 1110016K
  class space    used 8772K, capacity 9390K, committed 9472K, reserved 1048576K
}
Event: 13.781 GC heap after
{Heap after GC invocations=16 (full 0):
 garbage-first heap   total 131072K, used 57561K [0x00000000a0000000, 0x0000000100000000)
  region size 1024K, 3 young (3072K), 3 survivors (3072K)
 Metaspace       used 67359K, capacity 69181K, committed 69336K, reserved 1110016K
  class space    used 8772K, capacity 9390K, committed 9472K, reserved 1048576K
}
Event: 14.995 GC heap before
{Heap before GC invocations=17 (full 0):
 garbage-first heap   total 131072K, used 104665K [0x00000000a0000000, 0x0000000100000000)
  region size 1024K, 46 young (47104K), 3 survivors (3072K)
 Metaspace       used 68852K, capacity 70968K, committed 71204K, reserved 1110016K
  class space    used 8945K, capacity 9694K, committed 9804K, reserved 1048576K
}
Event: 15.003 GC heap after
{Heap after GC invocations=18 (full 0):
 garbage-first heap   total 131072K, used 68013K [0x00000000a0000000, 0x0000000100000000)
  region size 1024K, 6 young (6144K), 6 survivors (6144K)
 Metaspace       used 68852K, capacity 70968K, committed 71204K, reserved 1110016K
  class space    used 8945K, capacity 9694K, committed 9804K, reserved 1048576K
}
Event: 15.888 GC heap before
{Heap before GC invocations=18 (full 0):
 garbage-first heap   total 131072K, used 102829K [0x00000000a0000000, 0x0000000100000000)
  region size 1024K, 41 young (41984K), 6 survivors (6144K)
 Metaspace       used 70050K, capacity 72507K, committed 72740K, reserved 1112064K
  class space    used 9129K, capacity 9961K, committed 10060K, reserved 1048576K
}
Event: 15.899 GC heap after
{Heap after GC invocations=19 (full 0):
 garbage-first heap   total 131072K, used 73923K [0x00000000a0000000, 0x0000000100000000)
  region size 1024K, 6 young (6144K), 6 survivors (6144K)
 Metaspace       used 70050K, capacity 72507K, committed 72740K, reserved 1112064K
  class space    used 9129K, capacity 9961K, committed 10060K, reserved 1048576K
}
Event: 16.897 GC heap before
{Heap before GC invocations=20 (full 0):
 garbage-first heap   total 131072K, used 103619K [0x00000000a0000000, 0x0000000100000000)
  region size 1024K, 36 young (36864K), 6 survivors (6144K)
 Metaspace       used 70606K, capacity 73509K, committed 73636K, reserved 1112064K
  class space    used 9191K, capacity 10100K, committed 10188K, reserved 1048576K
}
Event: 16.908 GC heap after
{Heap after GC invocations=21 (full 0):
 garbage-first heap   total 131072K, used 80870K [0x00000000a0000000, 0x0000000100000000)
  region size 1024K, 5 young (5120K), 5 survivors (5120K)
 Metaspace       used 70606K, capacity 73509K, committed 73636K, reserved 1112064K
  class space    used 9191K, capacity 10100K, committed 10188K, reserved 1048576K
}

