# JRE version: OpenJDK Runtime Environment (11.0.10) (build 11.0.10+0-b96-7249189)
# Java VM: OpenJDK 64-Bit Server VM (11.0.10+0-b96-7249189, mixed mode, tiered, compressed oops, g1 gc, windows-amd64)
Heap:
 garbage-first heap   total 131072K, used 36166K [0x00000000a0000000, 0x0000000100000000)
  region size 1024K, 16 young (16384K), 7 survivors (7168K)
 Metaspace       used 44240K, capacity 45261K, committed 45468K, reserved 1089536K
  class space    used 5661K, capacity 6028K, committed 6144K, reserved 1048576K
GC Heap History (14 events):
Event: 0.799 GC heap before
{Heap before GC invocations=0 (full 0):
 garbage-first heap   total 131072K, used 29696K [0x00000000a0000000, 0x0000000100000000)
  region size 1024K, 24 young (24576K), 0 survivors (0K)
 Metaspace       used 10410K, capacity 10632K, committed 10752K, reserved 1058816K
  class space    used 1098K, capacity 1164K, committed 1280K, reserved 1048576K
}
Event: 0.805 GC heap after
{Heap after GC invocations=1 (full 0):
 garbage-first heap   total 131072K, used 8523K [0x00000000a0000000, 0x0000000100000000)
  region size 1024K, 3 young (3072K), 3 survivors (3072K)
 Metaspace       used 10410K, capacity 10632K, committed 10752K, reserved 1058816K
  class space    used 1098K, capacity 1164K, committed 1280K, reserved 1048576K
}
Event: 2.356 GC heap before
{Heap before GC invocations=1 (full 0):
 garbage-first heap   total 131072K, used 82251K [0x00000000a0000000, 0x0000000100000000)
  region size 1024K, 76 young (77824K), 3 survivors (3072K)
 Metaspace       used 18793K, capacity 19144K, committed 19328K, reserved 1067008K
  class space    used 2284K, capacity 2411K, committed 2432K, reserved 1048576K
}
Event: 2.363 GC heap after
{Heap after GC invocations=2 (full 0):
 garbage-first heap   total 131072K, used 15279K [0x00000000a0000000, 0x0000000100000000)
  region size 1024K, 10 young (10240K), 10 survivors (10240K)
 Metaspace       used 18793K, capacity 19144K, committed 19328K, reserved 1067008K
  class space    used 2284K, capacity 2411K, committed 2432K, reserved 1048576K
}
Event: 2.554 GC heap before
{Heap before GC invocations=2 (full 0):
 garbage-first heap   total 131072K, used 26543K [0x00000000a0000000, 0x0000000100000000)
  region size 1024K, 22 young (22528K), 10 survivors (10240K)
 Metaspace       used 20725K, capacity 21158K, committed 21296K, reserved 1069056K
  class space    used 2569K, capacity 2725K, committed 2816K, reserved 1048576K
}
Event: 2.563 GC heap after
{Heap after GC invocations=3 (full 0):
 garbage-first heap   total 131072K, used 16269K [0x00000000a0000000, 0x0000000100000000)
  region size 1024K, 1 young (1024K), 1 survivors (1024K)
 Metaspace       used 20725K, capacity 21158K, committed 21296K, reserved 1069056K
  class space    used 2569K, capacity 2725K, committed 2816K, reserved 1048576K
}
Event: 3.277 GC heap before
{Heap before GC invocations=4 (full 0):
 garbage-first heap   total 131072K, used 69517K [0x00000000a0000000, 0x0000000100000000)
  region size 1024K, 53 young (54272K), 1 survivors (1024K)
 Metaspace       used 26314K, capacity 26905K, committed 27008K, reserved 1073152K
  class space    used 3444K, capacity 3667K, committed 3712K, reserved 1048576K
}
Event: 3.280 GC heap after
{Heap after GC invocations=5 (full 0):
 garbage-first heap   total 131072K, used 17962K [0x00000000a0000000, 0x0000000100000000)
  region size 1024K, 3 young (3072K), 3 survivors (3072K)
 Metaspace       used 26314K, capacity 26905K, committed 27008K, reserved 1073152K
  class space    used 3444K, capacity 3667K, committed 3712K, reserved 1048576K
}
Event: 3.977 GC heap before
{Heap before GC invocations=5 (full 0):
 garbage-first heap   total 131072K, used 67114K [0x00000000a0000000, 0x0000000100000000)
  region size 1024K, 50 young (51200K), 3 survivors (3072K)
 Metaspace       used 35101K, capacity 35727K, committed 35840K, reserved 1081344K
  class space    used 4510K, capacity 4775K, committed 4864K, reserved 1048576K
}
Event: 3.985 GC heap after
{Heap after GC invocations=6 (full 0):
 garbage-first heap   total 131072K, used 23445K [0x00000000a0000000, 0x0000000100000000)
  region size 1024K, 6 young (6144K), 6 survivors (6144K)
 Metaspace       used 35101K, capacity 35727K, committed 35840K, reserved 1081344K
  class space    used 4510K, capacity 4775K, committed 4864K, reserved 1048576K
}
Event: 5.372 GC heap before
{Heap before GC invocations=7 (full 0):
 garbage-first heap   total 131072K, used 83861K [0x00000000a0000000, 0x0000000100000000)
  region size 1024K, 65 young (66560K), 6 survivors (6144K)
 Metaspace       used 40599K, capacity 41397K, committed 41500K, reserved 1085440K
  class space    used 5188K, capacity 5487K, committed 5504K, reserved 1048576K
}
Event: 5.384 GC heap after
{Heap after GC invocations=8 (full 0):
 garbage-first heap   total 131072K, used 25118K [0x00000000a0000000, 0x0000000100000000)
  region size 1024K, 8 young (8192K), 8 survivors (8192K)
 Metaspace       used 40599K, capacity 41397K, committed 41500K, reserved 1085440K
  class space    used 5188K, capacity 5487K, committed 5504K, reserved 1048576K
}
Event: 6.617 GC heap before
{Heap before GC invocations=8 (full 0):
 garbage-first heap   total 131072K, used 85534K [0x00000000a0000000, 0x0000000100000000)
  region size 1024K, 68 young (69632K), 8 survivors (8192K)
 Metaspace       used 44097K, capacity 45041K, committed 45212K, reserved 1089536K
  class space    used 5648K, capacity 6021K, committed 6144K, reserved 1048576K
}
Event: 6.626 GC heap after
{Heap after GC invocations=9 (full 0):
 garbage-first heap   total 131072K, used 27974K [0x00000000a0000000, 0x0000000100000000)
  region size 1024K, 7 young (7168K), 7 survivors (7168K)
 Metaspace       used 44097K, capacity 45041K, committed 45212K, reserved 1089536K
  class space    used 5648K, capacity 6021K, committed 6144K, reserved 1048576K
}

